<?xml version="1.0" encoding="UTF-8"?>
<!-- Generated by org.testng.reporters.JUnitReportReporter -->
<testsuite hostname="LAPTOP-D9B72J2S" failures="1" tests="2" name="stepDefs.runner.RerunTestNGRunnerTest" time="13.674" errors="0" timestamp="2024-07-04T17:54:34 IST" skipped="1">
  <testcase classname="stepDefs.runner.RerunTestNGRunnerTest" name="runScenario" time="6.015">
    <failure type="java.lang.AssertionError">
      <![CDATA[java.lang.AssertionError
at org.junit.Assert.fail(Assert.java:87)
at org.junit.Assert.assertTrue(Assert.java:42)
at org.junit.Assert.assertTrue(Assert.java:53)
at stepDefs.LoginStepDef.LaunchURL(LoginStepDef.java:28)
at âœ½.user has launched the url "https://www.google.com/"(file:///C:/Users/91945/eclipse-workspace/CucumberRevison/src/test/resources/parallelfeatures/parallel1.feature:4)
]]>
    </failure>
  </testcase> <!-- runScenario -->
  <testcase classname="stepDefs.runner.RerunTestNGRunnerTest" name="runScenario" time="7.659">
    <skipped/>
  </testcase> <!-- runScenario -->
</testsuite> <!-- stepDefs.runner.RerunTestNGRunnerTest -->
