<!DOCTYPE html PUBLIC "-//W3C//DTD XHTML 1.1//EN" "https://www.w3.org/TR/xhtml11/DTD/xhtml11.dtd">
<html xmlns="https://www.w3.org/1999/xhtml">
<head>
<meta http-equiv="content-type" content="text/html; charset=UTF-8"/>
<title>TestNG Report</title>
<style type="text/css">table {margin-bottom:10px;border-collapse:collapse;empty-cells:show}th,td {border:1px solid #009;padding:.25em .5em}th {vertical-align:bottom}td {vertical-align:top}table a {font-weight:bold}.stripe td {background-color: #E6EBF9}.num {text-align:right}.passedodd td {background-color: #3F3}.passedeven td {background-color: #0A0}.skippedodd td {background-color: #DDD}.skippedeven td {background-color: #CCC}.failedodd td,.attn {background-color: #F33}.failedeven td,.stripe .attn {background-color: #D00}.stacktrace {white-space:pre;font-family:monospace}.totop {font-size:85%;text-align:center;border-bottom:2px solid #000}.invisible {display:none}</style>
</head>
<body>
<table>
<tr><th>Test</th><th># Passed</th><th># Skipped</th><th># Retried</th><th># Failed</th><th>Time (ms)</th><th>Included Groups</th><th>Excluded Groups</th></tr>
<tr><th colspan="8">Surefire suite</th></tr>
<tr><td><a href="#t0">Surefire test</a></td><td class="num">0</td><td class="num">0</td><td class="num attn">2</td><td class="num attn">2</td><td class="num">26,041</td><td></td><td></td></tr>
</table>
<table id='summary'><thead><tr><th>Class</th><th>Method</th><th>Start</th><th>Time (ms)</th></tr></thead><tbody><tr><th colspan="4">Surefire suite</th></tr></tbody><tbody id="t0"><tr><th colspan="4">Surefire test &#8212; failed</th></tr><tr class="failedeven"><td rowspan="1">stepDefs.runner.RerunTestNGRunnerTest</td><td><a href="#m0">runScenario</a></td><td rowspan="1">1720095857342</td><td rowspan="1">6015</td></tr><tr class="failedodd"><td rowspan="1">stepDefs.runner.TestNGRunnerTest</td><td><a href="#m1">runScenario</a></td><td rowspan="1">1720095868484</td><td rowspan="1">5527</td></tr><tr><th colspan="4">Surefire test &#8212; retried</th></tr><tr class="retriedeven"><td rowspan="1">stepDefs.runner.RerunTestNGRunnerTest</td><td><a href="#m2">runScenario</a></td><td rowspan="1">1720095849675</td><td rowspan="1">7659</td></tr><tr class="retriedodd"><td rowspan="1">stepDefs.runner.TestNGRunnerTest</td><td><a href="#m3">runScenario</a></td><td rowspan="1">1720095864315</td><td rowspan="1">4168</td></tr></tbody>
</table>
<h2>Surefire test</h2><h3 id="m0">stepDefs.runner.RerunTestNGRunnerTest#runScenario</h3><table class="result"><tr class="param"><th>Parameter #1</th><th>Parameter #2</th></tr><tr class="param stripe"><td>&quot;valid parallel1 scenario&quot;</td><td>&quot;parallel1&quot;</td></tr><tr><th colspan="2">Exception</th></tr><tr><td colspan="2"><div class="stacktrace">java.lang.AssertionError
	at org.junit.Assert.fail(Assert.java:87)
	at org.junit.Assert.assertTrue(Assert.java:42)
	at org.junit.Assert.assertTrue(Assert.java:53)
	at stepDefs.LoginStepDef.LaunchURL(LoginStepDef.java:28)
	at ✽.user has launched the url &quot;https://www.google.com/&quot;(file:///C:/Users/91945/eclipse-workspace/CucumberRevison/src/test/resources/parallelfeatures/parallel1.feature:4)
</div></td></tr></table><p class="totop"><a href="#summary">back to summary</a></p>
<h3 id="m1">stepDefs.runner.TestNGRunnerTest#runScenario</h3><table class="result"><tr class="param"><th>Parameter #1</th><th>Parameter #2</th></tr><tr class="param stripe"><td>&quot;valid parallel1 scenario&quot;</td><td>&quot;parallel1&quot;</td></tr><tr><th colspan="2">Exception</th></tr><tr><td colspan="2"><div class="stacktrace">java.lang.AssertionError
	at org.junit.Assert.fail(Assert.java:87)
	at org.junit.Assert.assertTrue(Assert.java:42)
	at org.junit.Assert.assertTrue(Assert.java:53)
	at stepDefs.LoginStepDef.LaunchURL(LoginStepDef.java:28)
	at ✽.user has launched the url &quot;https://www.google.com/&quot;(file:///C:/Users/91945/eclipse-workspace/CucumberRevison/src/test/resources/parallelfeatures/parallel1.feature:4)
</div></td></tr></table><p class="totop"><a href="#summary">back to summary</a></p>
<h3 id="m2">stepDefs.runner.RerunTestNGRunnerTest#runScenario</h3><table class="result"><tr class="param"><th>Parameter #1</th><th>Parameter #2</th></tr><tr class="param stripe"><td>&quot;valid parallel1 scenario&quot;</td><td>&quot;parallel1&quot;</td></tr><tr><th colspan="2">Exception</th></tr><tr><td colspan="2"><div class="stacktrace">java.lang.AssertionError
	at org.junit.Assert.fail(Assert.java:87)
	at org.junit.Assert.assertTrue(Assert.java:42)
	at org.junit.Assert.assertTrue(Assert.java:53)
	at stepDefs.LoginStepDef.LaunchURL(LoginStepDef.java:28)
	at ✽.user has launched the url &quot;https://www.google.com/&quot;(file:///C:/Users/91945/eclipse-workspace/CucumberRevison/src/test/resources/parallelfeatures/parallel1.feature:4)
</div></td></tr></table><p class="totop"><a href="#summary">back to summary</a></p>
<h3 id="m3">stepDefs.runner.TestNGRunnerTest#runScenario</h3><table class="result"><tr class="param"><th>Parameter #1</th><th>Parameter #2</th></tr><tr class="param stripe"><td>&quot;valid parallel1 scenario&quot;</td><td>&quot;parallel1&quot;</td></tr><tr><th colspan="2">Exception</th></tr><tr><td colspan="2"><div class="stacktrace">java.lang.AssertionError
	at org.junit.Assert.fail(Assert.java:87)
	at org.junit.Assert.assertTrue(Assert.java:42)
	at org.junit.Assert.assertTrue(Assert.java:53)
	at stepDefs.LoginStepDef.LaunchURL(LoginStepDef.java:28)
	at ✽.user has launched the url &quot;https://www.google.com/&quot;(file:///C:/Users/91945/eclipse-workspace/CucumberRevison/src/test/resources/parallelfeatures/parallel1.feature:4)
</div></td></tr></table><p class="totop"><a href="#summary">back to summary</a></p>
</body>
</html>
