<?xml version="1.0" encoding="UTF-8"?>
<testng-results retried="2" ignored="2" total="6" passed="0" failed="2" skipped="0">
  <reporter-output>
  </reporter-output>
  <suite started-at="2024-07-04T17:54:08 IST" name="Surefire suite" finished-at="2024-07-04T17:54:34 IST" duration-ms="26041">
    <groups>
      <group name="cucumber">
        <method signature="AbstractTestNGCucumberTests.runScenario(io.cucumber.testng.PickleWrapper,io.cucumber.testng.FeatureWrapper)[pri:0, instance:stepDefs.runner.RerunTestNGRunnerTest@543588e6]" name="runScenario" class="io.cucumber.testng.AbstractTestNGCucumberTests"/>
        <method signature="AbstractTestNGCucumberTests.runScenario(io.cucumber.testng.PickleWrapper,io.cucumber.testng.FeatureWrapper)[pri:0, instance:stepDefs.runner.TestNGRunnerTest@2c35e847]" name="runScenario" class="io.cucumber.testng.AbstractTestNGCucumberTests"/>
      </group> <!-- cucumber -->
    </groups>
    <test started-at="2024-07-04T17:54:08 IST" name="Surefire test" finished-at="2024-07-04T17:54:34 IST" duration-ms="26041">
      <class name="stepDefs.runner.RerunTestNGRunnerTest">
        <test-method is-config="true" signature="setUpClass(org.testng.ITestContext)[pri:0, instance:stepDefs.runner.RerunTestNGRunnerTest@543588e6]" started-at="2024-07-04T17:54:08 IST" name="setUpClass" finished-at="2024-07-04T17:54:09 IST" duration-ms="1536" status="PASS">
          <params>
            <param index="0">
              <value>
                <![CDATA[org.testng.TestRunner@6f31df32]]>
              </value>
            </param>
          </params>
          <reporter-output>
          </reporter-output>
        </test-method> <!-- setUpClass -->
        <test-method retried="true" signature="runScenario(io.cucumber.testng.PickleWrapper,io.cucumber.testng.FeatureWrapper)[pri:0, instance:stepDefs.runner.RerunTestNGRunnerTest@543588e6]" started-at="2024-07-04T17:54:09 IST" name="runScenario" description="Runs Cucumber Scenarios" data-provider="scenarios" finished-at="2024-07-04T17:54:17 IST" duration-ms="7659" status="SKIP">
          <params>
            <param index="0">
              <value>
                <![CDATA["valid parallel1 scenario"]]>
              </value>
            </param>
            <param index="1">
              <value>
                <![CDATA["parallel1"]]>
              </value>
            </param>
          </params>
          <exception class="java.lang.AssertionError">
            <full-stacktrace>
              <![CDATA[java.lang.AssertionError
at org.junit.Assert.fail(Assert.java:87)
at org.junit.Assert.assertTrue(Assert.java:42)
at org.junit.Assert.assertTrue(Assert.java:53)
at stepDefs.LoginStepDef.LaunchURL(LoginStepDef.java:28)
at ✽.user has launched the url "https://www.google.com/"(file:///C:/Users/91945/eclipse-workspace/CucumberRevison/src/test/resources/parallelfeatures/parallel1.feature:4)
]]>
            </full-stacktrace>
          </exception> <!-- java.lang.AssertionError -->
          <reporter-output>
          </reporter-output>
        </test-method> <!-- runScenario -->
        <test-method signature="runScenario(io.cucumber.testng.PickleWrapper,io.cucumber.testng.FeatureWrapper)[pri:0, instance:stepDefs.runner.RerunTestNGRunnerTest@543588e6]" started-at="2024-07-04T17:54:17 IST" name="runScenario" description="Runs Cucumber Scenarios" data-provider="scenarios" finished-at="2024-07-04T17:54:23 IST" duration-ms="6015" status="FAIL">
          <params>
            <param index="0">
              <value>
                <![CDATA["valid parallel1 scenario"]]>
              </value>
            </param>
            <param index="1">
              <value>
                <![CDATA["parallel1"]]>
              </value>
            </param>
          </params>
          <exception class="java.lang.AssertionError">
            <full-stacktrace>
              <![CDATA[java.lang.AssertionError
at org.junit.Assert.fail(Assert.java:87)
at org.junit.Assert.assertTrue(Assert.java:42)
at org.junit.Assert.assertTrue(Assert.java:53)
at stepDefs.LoginStepDef.LaunchURL(LoginStepDef.java:28)
at ✽.user has launched the url "https://www.google.com/"(file:///C:/Users/91945/eclipse-workspace/CucumberRevison/src/test/resources/parallelfeatures/parallel1.feature:4)
]]>
            </full-stacktrace>
          </exception> <!-- java.lang.AssertionError -->
          <reporter-output>
          </reporter-output>
        </test-method> <!-- runScenario -->
        <test-method is-config="true" signature="tearDownClass()[pri:0, instance:stepDefs.runner.RerunTestNGRunnerTest@543588e6]" started-at="2024-07-04T17:54:23 IST" name="tearDownClass" finished-at="2024-07-04T17:54:24 IST" duration-ms="899" status="PASS">
          <reporter-output>
          </reporter-output>
        </test-method> <!-- tearDownClass -->
      </class> <!-- stepDefs.runner.RerunTestNGRunnerTest -->
      <class name="stepDefs.runner.TestNGRunnerTest">
        <test-method is-config="true" signature="setUpClass(org.testng.ITestContext)[pri:0, instance:stepDefs.runner.TestNGRunnerTest@2c35e847]" started-at="2024-07-04T17:54:24 IST" name="setUpClass" finished-at="2024-07-04T17:54:24 IST" duration-ms="31" status="PASS">
          <params>
            <param index="0">
              <value>
                <![CDATA[org.testng.TestRunner@6f31df32]]>
              </value>
            </param>
          </params>
          <reporter-output>
          </reporter-output>
        </test-method> <!-- setUpClass -->
        <test-method retried="true" signature="runScenario(io.cucumber.testng.PickleWrapper,io.cucumber.testng.FeatureWrapper)[pri:0, instance:stepDefs.runner.TestNGRunnerTest@2c35e847]" started-at="2024-07-04T17:54:24 IST" name="runScenario" description="Runs Cucumber Scenarios" data-provider="scenarios" finished-at="2024-07-04T17:54:28 IST" duration-ms="4168" status="SKIP">
          <params>
            <param index="0">
              <value>
                <![CDATA["valid parallel1 scenario"]]>
              </value>
            </param>
            <param index="1">
              <value>
                <![CDATA["parallel1"]]>
              </value>
            </param>
          </params>
          <exception class="java.lang.AssertionError">
            <full-stacktrace>
              <![CDATA[java.lang.AssertionError
at org.junit.Assert.fail(Assert.java:87)
at org.junit.Assert.assertTrue(Assert.java:42)
at org.junit.Assert.assertTrue(Assert.java:53)
at stepDefs.LoginStepDef.LaunchURL(LoginStepDef.java:28)
at ✽.user has launched the url "https://www.google.com/"(file:///C:/Users/91945/eclipse-workspace/CucumberRevison/src/test/resources/parallelfeatures/parallel1.feature:4)
]]>
            </full-stacktrace>
          </exception> <!-- java.lang.AssertionError -->
          <reporter-output>
          </reporter-output>
        </test-method> <!-- runScenario -->
        <test-method signature="runScenario(io.cucumber.testng.PickleWrapper,io.cucumber.testng.FeatureWrapper)[pri:0, instance:stepDefs.runner.TestNGRunnerTest@2c35e847]" started-at="2024-07-04T17:54:28 IST" name="runScenario" description="Runs Cucumber Scenarios" data-provider="scenarios" finished-at="2024-07-04T17:54:34 IST" duration-ms="5527" status="FAIL">
          <params>
            <param index="0">
              <value>
                <![CDATA["valid parallel1 scenario"]]>
              </value>
            </param>
            <param index="1">
              <value>
                <![CDATA["parallel1"]]>
              </value>
            </param>
          </params>
          <exception class="java.lang.AssertionError">
            <full-stacktrace>
              <![CDATA[java.lang.AssertionError
at org.junit.Assert.fail(Assert.java:87)
at org.junit.Assert.assertTrue(Assert.java:42)
at org.junit.Assert.assertTrue(Assert.java:53)
at stepDefs.LoginStepDef.LaunchURL(LoginStepDef.java:28)
at ✽.user has launched the url "https://www.google.com/"(file:///C:/Users/91945/eclipse-workspace/CucumberRevison/src/test/resources/parallelfeatures/parallel1.feature:4)
]]>
            </full-stacktrace>
          </exception> <!-- java.lang.AssertionError -->
          <reporter-output>
          </reporter-output>
        </test-method> <!-- runScenario -->
        <test-method is-config="true" signature="tearDownClass()[pri:0, instance:stepDefs.runner.TestNGRunnerTest@2c35e847]" started-at="2024-07-04T17:54:34 IST" name="tearDownClass" finished-at="2024-07-04T17:54:34 IST" duration-ms="78" status="PASS">
          <reporter-output>
          </reporter-output>
        </test-method> <!-- tearDownClass -->
      </class> <!-- stepDefs.runner.TestNGRunnerTest -->
    </test> <!-- Surefire test -->
  </suite> <!-- Surefire suite -->
</testng-results>
