<?xml version="1.0" encoding="UTF-8"?>
<testng-results retried="1" ignored="1" total="3" passed="0" failed="1" skipped="0">
  <reporter-output>
  </reporter-output>
  <suite started-at="2024-07-04T17:53:14 IST" name="All Test Suite" finished-at="2024-07-04T17:53:30 IST" duration-ms="15734">
    <groups>
      <group name="cucumber">
        <method signature="AbstractTestNGCucumberTests.runScenario(io.cucumber.testng.PickleWrapper,io.cucumber.testng.FeatureWrapper)[pri:0, instance:stepDefs.runner.TestNGRunnerTest@6e9175d8]" name="runScenario" class="io.cucumber.testng.AbstractTestNGCucumberTests"/>
      </group> <!-- cucumber -->
    </groups>
    <test started-at="2024-07-04T17:53:14 IST" name="C:/Users/91945/eclipse-workspace/CucumberRevison" finished-at="2024-07-04T17:53:30 IST" duration-ms="15734">
      <class name="stepDefs.runner.TestNGRunnerTest">
        <test-method is-config="true" signature="setUpClass(org.testng.ITestContext)[pri:0, instance:stepDefs.runner.TestNGRunnerTest@6e9175d8]" started-at="2024-07-04T17:53:14 IST" name="setUpClass" finished-at="2024-07-04T17:53:16 IST" duration-ms="1944" status="PASS">
          <params>
            <param index="0">
              <value>
                <![CDATA[org.testng.TestRunner@327e5be5]]>
              </value>
            </param>
          </params>
          <reporter-output>
          </reporter-output>
        </test-method> <!-- setUpClass -->
        <test-method retried="true" signature="runScenario(io.cucumber.testng.PickleWrapper,io.cucumber.testng.FeatureWrapper)[pri:0, instance:stepDefs.runner.TestNGRunnerTest@6e9175d8]" started-at="2024-07-04T17:53:16 IST" name="runScenario" description="Runs Cucumber Scenarios" data-provider="scenarios" finished-at="2024-07-04T17:53:24 IST" duration-ms="7810" status="SKIP">
          <params>
            <param index="0">
              <value>
                <![CDATA["valid parallel1 scenario"]]>
              </value>
            </param>
            <param index="1">
              <value>
                <![CDATA["parallel1"]]>
              </value>
            </param>
          </params>
          <exception class="java.lang.AssertionError">
            <full-stacktrace>
              <![CDATA[java.lang.AssertionError
at org.junit.Assert.fail(Assert.java:87)
at org.junit.Assert.assertTrue(Assert.java:42)
at org.junit.Assert.assertTrue(Assert.java:53)
at stepDefs.LoginStepDef.LaunchURL(LoginStepDef.java:28)
at ✽.user has launched the url "https://www.google.com/"(file:///C:/Users/91945/eclipse-workspace/CucumberRevison/src/test/resources/parallelfeatures/parallel1.feature:4)
]]>
            </full-stacktrace>
          </exception> <!-- java.lang.AssertionError -->
          <reporter-output>
          </reporter-output>
        </test-method> <!-- runScenario -->
        <test-method signature="runScenario(io.cucumber.testng.PickleWrapper,io.cucumber.testng.FeatureWrapper)[pri:0, instance:stepDefs.runner.TestNGRunnerTest@6e9175d8]" started-at="2024-07-04T17:53:24 IST" name="runScenario" description="Runs Cucumber Scenarios" data-provider="scenarios" finished-at="2024-07-04T17:53:29 IST" duration-ms="4797" status="FAIL">
          <params>
            <param index="0">
              <value>
                <![CDATA["valid parallel1 scenario"]]>
              </value>
            </param>
            <param index="1">
              <value>
                <![CDATA["parallel1"]]>
              </value>
            </param>
          </params>
          <exception class="java.lang.AssertionError">
            <full-stacktrace>
              <![CDATA[java.lang.AssertionError
at org.junit.Assert.fail(Assert.java:87)
at org.junit.Assert.assertTrue(Assert.java:42)
at org.junit.Assert.assertTrue(Assert.java:53)
at stepDefs.LoginStepDef.LaunchURL(LoginStepDef.java:28)
at ✽.user has launched the url "https://www.google.com/"(file:///C:/Users/91945/eclipse-workspace/CucumberRevison/src/test/resources/parallelfeatures/parallel1.feature:4)
]]>
            </full-stacktrace>
          </exception> <!-- java.lang.AssertionError -->
          <reporter-output>
          </reporter-output>
        </test-method> <!-- runScenario -->
        <test-method is-config="true" signature="tearDownClass()[pri:0, instance:stepDefs.runner.TestNGRunnerTest@6e9175d8]" started-at="2024-07-04T17:53:29 IST" name="tearDownClass" finished-at="2024-07-04T17:53:30 IST" duration-ms="1018" status="PASS">
          <reporter-output>
          </reporter-output>
        </test-method> <!-- tearDownClass -->
      </class> <!-- stepDefs.runner.TestNGRunnerTest -->
    </test> <!-- C:/Users/91945/eclipse-workspace/CucumberRevison -->
  </suite> <!-- All Test Suite -->
</testng-results>
