<?xml version="1.0" encoding="UTF-8"?>
<!-- Generated by org.testng.reporters.JUnitXMLReporter -->
<testsuite ignored="0" hostname="LAPTOP-D9B72J2S" failures="1" tests="2" name="C:/Users/91945/eclipse-workspace/CucumberRevison" time="15.734" errors="0" timestamp="2024-07-04T17:53:30 IST">
  <testcase classname="io.cucumber.testng.AbstractTestNGCucumberTests" name="runScenario" time="7.81">
    <skipped/>
  </testcase> <!-- runScenario -->
  <testcase classname="io.cucumber.testng.AbstractTestNGCucumberTests" name="runScenario" time="4.797">
    <failure type="java.lang.AssertionError">
      <![CDATA[java.lang.AssertionError
at org.junit.Assert.fail(Assert.java:87)
at org.junit.Assert.assertTrue(Assert.java:42)
at org.junit.Assert.assertTrue(Assert.java:53)
at stepDefs.LoginStepDef.LaunchURL(LoginStepDef.java:28)
at âœ½.user has launched the url "https://www.google.com/"(file:///C:/Users/91945/eclipse-workspace/CucumberRevison/src/test/resources/parallelfeatures/parallel1.feature:4)
]]>
    </failure>
  </testcase> <!-- runScenario -->
</testsuite> <!-- C:/Users/91945/eclipse-workspace/CucumberRevison -->
