<html>
<head>
<title>TestNG:  C:/Users/91945/eclipse-workspace/CucumberRevison</title>
<link href="../testng.css" rel="stylesheet" type="text/css" />
<link href="../my-testng.css" rel="stylesheet" type="text/css" />

<style type="text/css">
.log { display: none;} 
.stack-trace { display: none;} 
</style>
<script type="text/javascript">
<!--
function flip(e) {
  current = e.style.display;
  if (current == 'block') {
    e.style.display = 'none';
    return 0;
  }
  else {
    e.style.display = 'block';
    return 1;
  }
}

function toggleBox(szDivId, elem, msg1, msg2)
{
  var res = -1;  if (document.getElementById) {
    res = flip(document.getElementById(szDivId));
  }
  else if (document.all) {
    // this is the way old msie versions work
    res = flip(document.all[szDivId]);
  }
  if(elem) {
    if(res == 0) elem.innerHTML = msg1; else elem.innerHTML = msg2;
  }

}

function toggleAllBoxes() {
  if (document.getElementsByTagName) {
    d = document.getElementsByTagName('div');
    for (i = 0; i < d.length; i++) {
      if (d[i].className == 'log') {
        flip(d[i]);
      }
    }
  }
}

// -->
</script>

</head>
<body>
<h2 align='center'>C:/Users/91945/eclipse-workspace/CucumberRevison</h2><table border='1' align="center">
<tr>
<td>Tests passed/Failed/Skipped:</td><td>0/1/1</td>
</tr><tr>
<td>Started on:</td><td>Thu Jul 04 17:53:14 IST 2024</td>
</tr>
<tr><td>Total time:</td><td>15 seconds (15734 ms)</td>
</tr><tr>
<td>Included groups:</td><td></td>
</tr><tr>
<td>Excluded groups:</td><td></td>
</tr>
</table><p/>
<small><i>(Hover the method name to see the test class name)</i></small><p/>
<table width='100%' border='1' class='invocation-failed'>
<tr><td colspan='4' align='center'><b>FAILED TESTS</b></td></tr>
<tr><td><b>Test method</b></td>
<td><b>Attribute(s)</b></td>
<td width="30%"><b>Exception</b></td>
<td width="10%"><b>Time (seconds)</b></td>
<td><b>Instance</b></td>
</tr>
<tr>
<td title='stepDefs.runner.TestNGRunnerTest.runScenario()'><b>runScenario</b><br>Test class: stepDefs.runner.TestNGRunnerTest<br>Test method: Runs Cucumber Scenarios<br>Parameters: "valid parallel1 scenario", "parallel1"</td>
<td><div><pre>java.lang.AssertionError
	at org.junit.Assert.fail(Assert.java:87)
	at org.junit.Assert.assertTrue(Assert.java:42)
	at org.junit.Assert.assertTrue(Assert.java:53)
	at stepDefs.LoginStepDef.LaunchURL(LoginStepDef.java:28)
	at ?.user has launched the url &quot;https://www.google.com/&quot;(file:///C:/Users/91945/eclipse-workspace/CucumberRevison/src/test/resources/parallelfeatures/parallel1.feature:4)
</pre></div><a href='#' onClick='toggleBox("stack-trace1698182759", this, "Click to show all stack frames", "Click to hide stack frames")'>Click to show all stack frames</a>
<div class='stack-trace' id='stack-trace1698182759'><pre>java.lang.AssertionError
	at org.junit.Assert.fail(Assert.java:87)
	at org.junit.Assert.assertTrue(Assert.java:42)
	at org.junit.Assert.assertTrue(Assert.java:53)
	at stepDefs.LoginStepDef.LaunchURL(LoginStepDef.java:28)
	at ?.user has launched the url &quot;https://www.google.com/&quot;(file:///C:/Users/91945/eclipse-workspace/CucumberRevison/src/test/resources/parallelfeatures/parallel1.feature:4)
</pre></div></td>
<td>4</td>
<td>stepDefs.runner.TestNGRunnerTest@6e9175d8</td></tr>
</table><p>
<table width='100%' border='1' class='invocation-skipped'>
<tr><td colspan='4' align='center'><b>SKIPPED TESTS</b></td></tr>
<tr><td><b>Test method</b></td>
<td><b>Attribute(s)</b></td>
<td width="30%"><b>Exception</b></td>
<td width="10%"><b>Time (seconds)</b></td>
<td><b>Instance</b></td>
</tr>
<tr>
<td title='stepDefs.runner.TestNGRunnerTest.runScenario()'><b>runScenario</b><br>Test class: stepDefs.runner.TestNGRunnerTest<br>Test method: Runs Cucumber Scenarios<br>Parameters: "valid parallel1 scenario", "parallel1"</td>
<td><div><pre>java.lang.AssertionError
	at org.junit.Assert.fail(Assert.java:87)
	at org.junit.Assert.assertTrue(Assert.java:42)
	at org.junit.Assert.assertTrue(Assert.java:53)
	at stepDefs.LoginStepDef.LaunchURL(LoginStepDef.java:28)
	at ?.user has launched the url &quot;https://www.google.com/&quot;(file:///C:/Users/91945/eclipse-workspace/CucumberRevison/src/test/resources/parallelfeatures/parallel1.feature:4)
</pre></div><a href='#' onClick='toggleBox("stack-trace177657196", this, "Click to show all stack frames", "Click to hide stack frames")'>Click to show all stack frames</a>
<div class='stack-trace' id='stack-trace177657196'><pre>java.lang.AssertionError
	at org.junit.Assert.fail(Assert.java:87)
	at org.junit.Assert.assertTrue(Assert.java:42)
	at org.junit.Assert.assertTrue(Assert.java:53)
	at stepDefs.LoginStepDef.LaunchURL(LoginStepDef.java:28)
	at ?.user has launched the url &quot;https://www.google.com/&quot;(file:///C:/Users/91945/eclipse-workspace/CucumberRevison/src/test/resources/parallelfeatures/parallel1.feature:4)
</pre></div></td>
<td>7</td>
<td>stepDefs.runner.TestNGRunnerTest@6e9175d8</td></tr>
</table><p>
</body>
</html>